<?xml version="1.0" encoding="UTF-8"?>
<!-- Generated by org.testng.reporters.JUnitReportReporter -->
<testsuite hostname="DESKTOP-VQN1EHS" failures="0" tests="2" name="runner.LoginRunner" time="0.101" errors="0" timestamp="2025-06-24T08:42:36 IST" skipped="0">
  <testcase classname="runner.LoginRunner" name="runScenario" time="0.098"/>
  <system-out/>
  <testcase classname="runner.LoginRunner" name="runScenario" time="0.003"/>
  <system-out/>
</testsuite> <!-- runner.LoginRunner -->
